\BOOKMARK [1][-]{section.1}{Introdu\347\343o}{}% 1
\BOOKMARK [1][-]{section.2}{Problema da Mochila de M\372ltiplas Restri\347\365es}{}% 2
\BOOKMARK [2][-]{subsection.2.1}{O Problema da Mochila}{section.2}% 3
\BOOKMARK [2][-]{subsection.2.2}{Mochila Bin\341ria com M\372ltiplas Restri\347\365es}{section.2}% 4
\BOOKMARK [1][-]{section.3}{Sistema de Coloniza\347\343o de Formigas}{}% 5
\BOOKMARK [2][-]{subsection.3.1}{Constru\347\343o da Solu\347\343o}{section.3}% 6
\BOOKMARK [2][-]{subsection.3.2}{Atualiza\347\343o do Ferom\364nio}{section.3}% 7
\BOOKMARK [2][-]{subsection.3.3}{Opera\347\365es de Daemon}{section.3}% 8
\BOOKMARK [1][-]{section.4}{Paraleliza\347\343o de Algoritmos}{}% 9
\BOOKMARK [2][-]{subsection.4.1}{Threads}{section.4}% 10
\BOOKMARK [2][-]{subsection.4.2}{Mem\363ria compartilhada e condi\347oes de corrida}{section.4}% 11
\BOOKMARK [2][-]{subsection.4.3}{Locks}{section.4}% 12
\BOOKMARK [2][-]{subsection.4.4}{Barreiras}{section.4}% 13
\BOOKMARK [2][-]{subsection.4.5}{Leituras Adicionais}{section.4}% 14
\BOOKMARK [1][-]{section.5}{Aplicando o Problema da Mochila ao Ant System}{}% 15
\BOOKMARK [1][-]{section.6}{Paraleliza\347\343o do ACO}{}% 16
\BOOKMARK [2][-]{subsection.6.1}{Regi\365es cr\355ticas}{section.6}% 17
\BOOKMARK [2][-]{subsection.6.2}{Sele\347\343o de Formigas}{section.6}% 18
\BOOKMARK [2][-]{subsection.6.3}{An\341lise de desempenho}{section.6}% 19
\BOOKMARK [2][-]{subsection.6.4}{Poss\355veis otimiza\347\365es}{section.6}% 20
\BOOKMARK [1][-]{section.7}{Conclus\365es}{}% 21
